<?xml version="1.0" encoding="utf-8" standalone="no"?>
<!--This file represents the results of running a test suite-->
<test-results name="D:\DADA\git\my-case-petemobile\code\Nonesuch.Test\bin\Release\Nonesuch.Test.dll" total="1" errors="0" failures="0" not-run="0" inconclusive="0" ignored="0" skipped="0" invalid="0" date="2016-09-17" time="15:06:33">
  <environment nunit-version="2.6.4.14350" clr-version="2.0.50727.8689" os-version="Microsoft Windows NT 6.2.9200.0" platform="Win32NT" cwd="D:\DADA\git\my-case-petemobile\code\Nonesuch.Test\bin\Release" machine-name="POPMIKO-PC" user="Popmiko" user-domain="Popmiko-PC" />
  <culture-info current-culture="zh-TW" current-uiculture="zh-TW" />
  <test-suite type="Assembly" name="D:\DADA\git\my-case-petemobile\code\Nonesuch.Test\bin\Release\Nonesuch.Test.dll" executed="True" result="Success" success="True" time="13.861" asserts="0">
    <results>
      <test-suite type="Namespace" name="GalaxyClinic" executed="True" result="Success" success="True" time="13.843" asserts="0">
        <results>
          <test-suite type="Namespace" name="Test" executed="True" result="Success" success="True" time="13.843" asserts="0">
            <results>
              <test-suite type="Namespace" name="Service" executed="True" result="Success" success="True" time="13.842" asserts="0">
                <results>
                  <test-suite type="TestFixture" name="InitWebDataService" executed="True" result="Success" success="True" time="13.840" asserts="0">
                    <results>
                      <test-case name="GalaxyClinic.Test.Service.InitWebDataService.InitWebData" executed="True" result="Success" success="True" time="4.101" asserts="0" />
                    </results>
                  </test-suite>
                </results>
              </test-suite>
            </results>
          </test-suite>
        </results>
      </test-suite>
    </results>
  </test-suite>
</test-results>