<?xml version="1.0" encoding="utf-8" standalone="no"?>
<!--This file represents the results of running a test suite-->
<test-results name="D:\我的case\小布\小炫通訊行\SVN上傳\trunk\code\Nonesuch.Test\bin\Debug\Nonesuch.Test.dll" total="1" errors="0" failures="0" not-run="0" inconclusive="0" ignored="0" skipped="0" invalid="0" date="2015-01-17" time="15:51:58">
  <environment nunit-version="2.6.0.12035" clr-version="2.0.50727.5485" os-version="Microsoft Windows NT 6.1.7601 Service Pack 1" platform="Win32NT" cwd="D:\我的case\小布\小炫通訊行\SVN上傳\trunk\code\Nonesuch.Test\bin\Debug" machine-name="DADA-TOSHIBA" user="Dada" user-domain="DADA-Toshiba" />
  <culture-info current-culture="zh-TW" current-uiculture="zh-HK" />
  <test-suite type="Assembly" name="D:\我的case\小布\小炫通訊行\SVN上傳\trunk\code\Nonesuch.Test\bin\Debug\Nonesuch.Test.dll" executed="True" result="Success" success="True" time="2.102" asserts="0">
    <results>
      <test-suite type="Namespace" name="GalaxyClinic" executed="True" result="Success" success="True" time="2.101" asserts="0">
        <results>
          <test-suite type="Namespace" name="Test" executed="True" result="Success" success="True" time="2.101" asserts="0">
            <results>
              <test-suite type="Namespace" name="Service" executed="True" result="Success" success="True" time="2.101" asserts="0">
                <results>
                  <test-suite type="TestFixture" name="InitWebDataService" executed="True" result="Success" success="True" time="2.101" asserts="0">
                    <results>
                      <test-case name="GalaxyClinic.Test.Service.InitWebDataService.InitWebData" executed="True" result="Success" success="True" time="2.085" asserts="0" />
                    </results>
                  </test-suite>
                </results>
              </test-suite>
            </results>
          </test-suite>
        </results>
      </test-suite>
    </results>
  </test-suite>
</test-results>