<?xml version="1.0" encoding="utf-8" standalone="no"?>
<!--This file represents the results of running a test suite-->
<test-results name="D:\我的case\小布\小炫通訊行\SVN上傳\trunk\code\Nonesuch.Test\bin\Debug\Nonesuch.Test.dll" total="2" errors="0" failures="0" not-run="0" inconclusive="0" ignored="0" skipped="0" invalid="0" date="2015-01-11" time="17:05:08">
  <environment nunit-version="2.6.0.12035" clr-version="2.0.50727.5485" os-version="Microsoft Windows NT 6.1.7601 Service Pack 1" platform="Win32NT" cwd="D:\我的case\小布\小炫通訊行\SVN上傳\trunk\code\Nonesuch.Test\bin\Debug" machine-name="DADA-TOSHIBA" user="Dada" user-domain="DADA-Toshiba" />
  <culture-info current-culture="zh-TW" current-uiculture="zh-HK" />
  <test-suite type="Assembly" name="D:\我的case\小布\小炫通訊行\SVN上傳\trunk\code\Nonesuch.Test\bin\Debug\Nonesuch.Test.dll" executed="True" result="Success" success="True" time="7.145" asserts="0">
    <results>
      <test-suite type="Namespace" name="GalaxyClinic" executed="True" result="Success" success="True" time="7.132" asserts="0">
        <results>
          <test-suite type="Namespace" name="Test" executed="True" result="Success" success="True" time="7.132" asserts="0">
            <results>
              <test-suite type="Namespace" name="NHibernate" executed="True" result="Success" success="True" time="7.132" asserts="0">
                <results>
                  <test-suite type="TestFixture" name="TestSchema" executed="True" result="Success" success="True" time="7.130" asserts="0">
                    <results>
                      <test-case name="GalaxyClinic.Test.NHibernate.TestSchema.Test_001_DropSchema" executed="True" result="Success" success="True" time="6.219" asserts="0" />
                      <test-case name="GalaxyClinic.Test.NHibernate.TestSchema.Test_002_CreateSchema" executed="True" result="Success" success="True" time="0.214" asserts="0" />
                    </results>
                  </test-suite>
                </results>
              </test-suite>
            </results>
          </test-suite>
        </results>
      </test-suite>
    </results>
  </test-suite>
</test-results>